186
9926 2
90990 84581
9847 3
83320 90236 42249
8471 6
16276 8621 56064 34159 84197 95942
9472 6
33635 58187 77944 49941 86648 85238
8603 4
77171 66859 37576 63466
9221 3
19985 74554 52725
7734 5
95387 95683 73853 59922 47672
8033 5
55854 99271 64948 26887 68909
9895 4
82136 91891 29913 74780
8854 4
62097 95754 28570 84544
7189 7
46994 54477 42935 42169 86771 68642 80296
9320 6
58779 96117 91662 8703 98389 95570
6976 7
81336 89056 97336 97119 32712 80822 64849
9821 6
63208 39547 93674 39084 78544 95071
8376 4
51300 83216 17903 65904
8428 2
90875 11796
9834 5
68786 94848 16755 53139 42574
9297 3
47521 50021 46791
8705 6
90488 10597 30052 6164 24516 38588
9962 7
96903 32814 75876 57707 73156 27352 23354
9829 5
88487 77453 32779 47315 70861
9990 4
90932 15941 97185 66763
9071 5
91316 90759 41982 69935 9845
9182 5
30453 70878 74689 70696 22630
9657 2
21908 95708
9421 4
63456 58262 91362 50109
9923 5
97093 72372 52952 73896 24032
8728 5
71936 33260 56671 10134 72584
9369 1
92320
6875 5
70291 81715 84495 71002 44600
9384 5
98552 27776 35654 9274 93752
9066 3
86419 57252 68939
9982 5
73037 67579 86900 8580 88801
9044 4
45814 92536 70542 1450
9955 3
25906 91437 48544
9249 1
20760
9516 5
82412 92026 70622 11898 15462
8366 2
10967 6347
8240 4
66204 23417 79445 33067
8347 5
90749 63584 88020 98475 53386
8038 3
42811 69240 57887
9900 4
27869 41733 25784 90242
8973 6
8089 94822 80592 35726 75414 103
8894 4
54116 91041 61317 12907
6590 5
69388 84237 79428 78056 90657
9767 4
18458 20073 49889 63897
5738 6
93083 15129 93656 84105 26072 76755
8901 2
77458 83549
9323 6
56664 74911 89145 59722 75862 56860
8864 7
98952 52428 9988 68425 25442 29077 74161
9634 4
97171 81632 28571 83243
5830 8
23539 13259 72903 38494 66515 31295 6634 72095
7586 5
84757 49041 79780 46510 27049
7903 1
26940
7816 3
95157 8960 89864
8111 2
58273 49188
9086 4
67525 71945 57292 4626
9523 2
78621 43352
8242 6
88625 48208 50985 28289 45752 42026
9045 4
13713 19059 21723 82414
9893 4
34866 1727 78310 61085
8839 4
73517 25692 48420 25978
8807 4
81048 66580 91 33233
7993 2
84752 9423
7291 5
12393 35956 95257 29640 2913
9155 4
12719 79534 77504 34791
6316 2
65562 49234
9350 4
21805 85579 73293 71689
9687 7
11686 30780 66740 86975 55286 81604 18421
9479 6
35487 53203 95238 26242 91530 15938
8513 5
80326 8451 92868 18214 23562
9806 7
27565 66069 48636 63040 90405 5999 49240
9408 3
48317 59629 95378
9550 5
78565 7589 72705 24547 94058
8312 5
59166 38031 42879 59476 58068
9801 4
76761 64667 40287 41669
9813 8
18786 95356 82314 92099 64016 94623 3869 46582
9842 4
75365 54736 76781 63452
9904 7
43274 25066 53117 63631 45664 12052 1365
9545 3
94154 84330 17360
9245 3
68999 29239 44212
7844 5
46125 54210 52267 63523 14367
8345 6
82423 8265 60517 8424 81178 60500
9967 6
18430 5526 26088 19232 45729 51540
8641 5
67880 77200 18324 93636 73152
9689 2
24717 41822
8520 5
24922 67324 5818 63039 46307
9604 3
67549 97981 72425
8560 6
11594 56022 74682 95309 46441 64118
7663 6
82013 6206 42858 34881 30796 13453
9437 8
29046 26585 57399 9563 78953 78864 61983 44727
8849 4
99175 36545 88498 78663
9530 8
78919 70247 71577 72234 84206 5518 3263 8645
9361 4
35668 75479 71813 55433
9579 4
80247 78935 18883 27728
9744 9
67430 25851 52079 6025 74301 39222 62339 4325 85878
6124 5
78344 28088 86713 62518 98920
9359 5
81348 73996 13330 82061 1087
8920 5
77618 97912 44490 74307 57027
7736 4
99773 77480 85917 17270
7683 1
55309
9551 6
13372 3926 50243 93897 80604 68433
9692 8
991 90107 94674 59362 89000 4046 10196 45235
9434 2
67112 80525
9260 8
14984 19858 50276 88279 34717 25254 83014 80160
7366 6
21410 8121 43530 70600 17681 31079
6416 4
10158 20964 56390 81253
9073 2
33207 73625
9003 4
37382 68965 74445 81834
9080 5
36678 61045 25423 34134 27874
8180 2
61325 9612
8097 4
17297 28845 83659 10954
9506 5
53947 54080 82657 73120 24168
7185 5
85687 41746 30256 23578 90274
7930 2
78595 20334
9766 4
96091 95922 50212 48273
8012 2
38067 69609
9331 3
18687 45190 90150
7412 7
68343 59333 52651 94954 55422 34867 17176
8248 6
15594 93927 44384 89385 62936 6764
9402 4
50530 47849 63134 79854
9214 4
80854 41844 83433 64302
9122 5
83189 16895 17899 77407 74459
8670 2
53956 45405
9576 5
5918 81546 19706 67414 87975
9957 5
44572 11225 8807 94384 95280
5910 4
60393 62318 40043 83675
9739 7
68408 52009 83135 5553 50398 49512 75047
9389 2
59846 93554
9865 5
76507 29054 76877 20214 94273
9979 5
99501 27550 39199 7099 14813
8454 1
23672
9082 9
85549 39293 97438 62562 74970 5948 95219 60454 14015
7477 5
64906 21914 81611 71454 99478
7576 5
82180 45105 68785 41371 52578
9007 8
14445 12347 44806 80807 92554 95500 83338 84699
9509 4
21418 92439 10100 66103
7980 7
2826 38104 16543 18108 76541 97011 60624
8806 7
16845 58071 78327 15056 26433 4637 40312
8142 8
96689 21499 38262 92171 7751 86767 26458 38233
9976 4
36773 88266 91648 94520
8948 2
92763 73090
9789 5
71738 14352 91474 15610 58980
9714 3
37184 86864 11274
8263 7
55646 64986 44886 87788 7696 52668 76359
9740 5
75703 69582 91977 16429 81999
7575 4
79454 81317 53525 80057
9480 6
80537 58791 12866 14023 7050 74313
7145 7
73979 32296 92501 8579 32585 55656 54829
9958 1
98420
8990 5
30978 61148 59820 68832 69327
7436 3
15286 25505 97220
9995 2
73596 23844
9025 7
94448 54608 49573 43467 4864 16832 44695
9775 5
63160 7553 65172 51106 10071
8665 2
37733 52747
9068 6
21632 57736 14854 40568 65111 43801
9875 2
56147 74664
7906 5
41688 13386 26463 6496 72327
9053 4
40703 1638 16455 47051
9570 4
98354 86791 90545 75692
9913 4
86317 73854 54421 44924
8814 4
33733 73219 55103 4234
9760 9
74169 10930 18717 17563 13954 88970 74916 55041 91632
6381 7
26747 73413 94960 48727 5323 17397 88284
9069 1
95127
7629 3
58322 92782 63511
7827 6
17799 96711 17720 93251 71907 95557
9930 4
31945 58972 77304 85769
8682 5
92544 56264 43279 30332 62328
8523 3
55109 60628 31887
9116 5
6950 12218 97891 20017 51218
9465 7
61484 35774 50407 46238 44974 83611 55448
7199 4
63115 60924 38452 14
9726 7
6513 65068 34124 42702 97996 97216 54185
9076 2
53186 46354
8671 3
43893 39220 57210
9803 5
78100 74806 55612 75393 79465
8228 5
16412 36546 95529 85326 93087
7120 3
92811 55580 32987
9799 4
92442 37069 7950 34468
9166 4
4777 23810 34167 21962
7803 4
49077 77821 29809 37234
7538 5
83432 95603 78021 81692 2250
9258 7
49831 92840 41423 72943 78988 51535 89759
7281 8
83800 33026 20628 87511 15340 74003 92440 26693
