38
993 198
22707 40225 58891 81302 20915 72914 678 16087 5570 21386 79483 7581 19867 43991 44180 20696 76268 67713 53194 71977 63391 17098 26907 83962 16535 90311 533 87213 85260 53443 91992 79922 70347 51995 17574 987 73924 9087 66034 15759 18007 75116 71385 76977 18259 95195 6210 27341 87349 1670 58059 16752 79343 97592 74763 37009 13421 60210 84820 43370 62417 39730 21524 43037 74714 16283 76771 28760 65320 25011 24355 79866 75856 99567 94469 11674 66911 60476 16043 7661 18112 13571 72054 60337 99515 38490 35429 43071 68903 60756 62066 90307 66814 70114 88579 74308 6244 28138 7103 71232 48735 93353 30541 55046 18864 70768 890 92930 13096 18084 87311 1306 76791 58902 34594 85298 73797 79860 8328 8336 11646 37553 14755 9657 73721 5805 22063 40596 28918 89929 38088 86384 84943 4973 44463 91330 86890 68601 79076 58876 13053 60466 93389 49138 93093 24710 91493 16864 68617 18442 73742 90865 83174 21072 85021 12063 14916 15969 73149 65514 64556 62185 42262 4709 45212 41999 52265 31799 93717 93472 61606 24722 38246 99379 46030 96231 50914 54537 47265 8939 13744 59455 47744 66145 62642 24302 33076 82973 64208 55717 54380 73814 83777 67052 91613 48864 36672 64967
805 53
73877 69112 96414 63402 24266 18717 97764 56788 35210 75594 14889 98339 43353 94614 22175 75610 68007 31469 57474 8638 92111 36485 53185 28835 19381 6257 50354 51909 92917 75580 10663 3464 77746 59694 7012 15918 78495 3255 41458 43044 46110 82867 68978 54190 5198 64854 26594 23450 5154 1520 42839 76057 10100
997 187
93375 20500 80707 50525 20198 61192 86784 32146 7586 19927 86350 37957 23813 16127 57108 88020 93333 89200 11966 20671 62457 48348 16072 40419 24296 61443 45942 30435 10094 4231 86901 19912 84258 77108 34227 17134 30114 56937 79614 72437 54032 31012 45976 44398 25997 40590 88211 30870 73229 69506 6823 25751 51023 10590 70565 97257 18975 72693 23896 4013 10653 29116 52556 39366 68254 70659 12648 23686 71879 6916 96051 29886 95552 75526 49451 81608 97408 4354 43969 84057 30350 8000 44280 54747 63733 72817 62923 75911 45460 49206 74573 97547 93708 10266 29121 4783 83296 28972 9108 17341 10156 84004 10337 50138 62670 66924 35798 70998 74022 61254 78466 66237 13234 41003 18347 28956 61945 36854 9168 23688 66939 19871 33290 57319 4064 96464 7150 52415 38166 23349 48631 54096 9420 99562 69726 16540 87206 72011 18856 21361 15642 27960 95813 51888 50251 43119 48918 26697 43662 7224 6093 14096 92347 44804 2103 39129 30500 81112 17339 87139 15786 41155 79294 74424 66745 71091 69445 26579 96313 58140 30007 12563 19962 70773 12533 39173 36947 90336 87639 4367 73821 30961 25560 34344 59871 13696 93240
979 179
18755 89428 73120 94983 11678 91123 44997 10592 5477 91829 46499 42238 2354 11897 87898 65695 70832 57900 9276 29239 65100 7830 60543 12853 8845 96514 56928 77154 40718 69870 3968 94300 69315 9035 39121 44317 52673 86355 59565 5438 92137 44039 44065 88420 10944 72491 8028 89576 62557 12610 64852 36445 46704 13960 80592 17165 54522 94416 91852 77796 77589 28940 88385 82404 36441 33639 46336 96971 24779 28037 17412 2915 43996 17631 25924 44000 42639 8895 92176 371 56099 24471 65115 13940 60144 94136 311 59070 37632 32000 88795 19658 43135 79429 82504 25341 77838 38226 53494 34794 13492 29912 49256 98750 39757 23508 1323 43519 30702 33814 89343 49838 68292 9722 30248 6324 18091 28632 9538 41244 41296 25562 64736 81395 28807 50968 70618 60272 98618 494 51358 53163 66224 6808 16564 1398 10972 32671 69490 33742 63469 25904 73117 97481 62754 54781 1946 60529 39179 4834 47741 28405 74588 12237 1633 62231 8603 12787 77634 12120 32760 58917 53260 81504 29312 80294 8817 46130 66748 38595 94142 6734 95611 12216 51169 99462 38696 84028 66667
978 171
5680 78011 63448 28216 14623 95677 78404 6931 71562 81310 7212 27816 84088 20586 17037 28801 76136 29056 48942 48268 96670 5067 55332 23785 14634 67489 64199 35815 19176 50877 41374 44097 37181 29559 61628 82228 55706 70268 98503 16408 81528 96170 66322 55272 4086 83052 55971 14143 25197 22962 22502 29772 75347 45967 64421 33833 55743 53768 38286 9 40686 77121 31931 75794 23710 95903 46555 60410 19249 2064 21448 76311 58593 71921 41292 19330 1783 43322 55806 63681 80458 24083 35288 68403 25903 10789 75048 43713 5666 10028 37994 54660 69006 45779 88238 65318 56420 79430 47524 56354 19310 8980 29110 33615 4342 88172 70053 29298 10496 18301 14796 69963 36195 13486 93675 19551 61550 6239 11488 13327 95315 45521 69803 84168 95716 12922 20361 38867 54542 92517 24514 67858 15910 29566 87101 61337 62268 6317 9163 8762 64594 29895 88030 40031 22086 38914 35986 10509 67285 39914 13950 4839 64073 69813 35559 88203 22153 77316 59325 39528 15031 6259 75562 33935 91681 2933 85195 48333 8209 27282 10963
905 129
68672 32920 31318 12599 75897 89581 72986 50757 39262 40236 92829 71465 83820 90756 28556 5062 78903 54959 52312 89560 51510 6618 35522 30912 15691 80381 87025 4942 20727 19313 34939 74210 98308 11823 30573 78432 97262 64074 64762 75631 56996 54015 12742 7880 40911 16985 82125 7424 64704 28457 35979 52153 59876 6046 2682 7515 76438 65167 69669 15261 22088 30297 5059 46579 75401 78244 87561 11022 33102 93615 65651 24959 52957 68873 91095 64563 19006 43970 99433 72416 31973 5447 48490 16514 86245 61135 78914 65202 17084 53415 18141 32058 38171 45654 26526 37996 10034 65190 30631 89875 86770 21331 20474 28303 38398 40819 70908 26644 55562 50436 72781 13658 46675 5243 28476 88309 5188 24887 9853 55296 94787 48937 99186 24463 91960 19806 29023 40234 75140
85 37
63509 76488 77138 10038 52245 67527 90886 59961 12098 36833 15970 17122 9166 24156 87157 86912 13508 66384 17360 10525 37999 2631 57201 3925 23711 30861 3402 63586 7691 42497 28661 70639 11414 37293 32807 3554 56350
980 61
1399 58245 43657 13155 32655 82474 53267 29496 10819 36275 94783 91349 47728 99924 82812 14930 67967 16702 71793 18325 46978 887 50495 45759 58535 84155 75186 71877 15751 58329 40376 77815 10141 40701 26801 2387 17168 17363 95502 71878 57740 48948 9616 34286 11700 1369 4930 77096 29527 98145 53617 45624 52264 22395 8674 46215 92563 12321 9802 65076 34031
565 27
47926 18298 59448 21867 99859 28502 2500 11011 81791 73215 49006 96649 46138 23335 11480 9327 7647 55720 82707 17779 54181 44973 86886 15498 77673 34974 68289
540 128
6157 22813 21461 6493 34567 28228 47601 8783 44435 36376 68669 15464 81155 2570 95657 89303 79723 31155 30414 54201 62284 45127 37846 22073 35929 46151 37104 58795 81230 63813 74992 89114 86064 95283 86191 4506 20113 31451 27677 23996 66402 61842 45631 94264 86466 11756 80257 77756 97338 8461 97571 16945 45087 11362 33185 76150 15422 51964 24954 22301 88112 73806 35575 16242 47483 11824 25449 2004 1445 29554 56875 40780 50615 78455 63889 6154 98617 69174 33688 75451 30587 52485 22405 64283 34211 94744 25217 51148 3253 51427 41026 11478 20540 85704 20739 66750 45040 57881 43732 3973 59134 15401 17511 85970 73606 40386 25356 10106 22070 33450 73696 48360 66352 54147 14875 63632 35513 42709 10657 32783 41091 6955 10017 66906 68399 55331 29741 93470
363 131
23387 15755 2750 65152 35279 27660 94750 78226 54208 90133 31217 2980 46219 3636 45725 71069 67964 60641 45637 1784 49060 23193 17309 51667 21779 39885 24528 81541 39705 13953 59067 15506 33626 86880 12770 67402 53473 70850 41534 25770 61238 15580 17473 9633 31083 77355 53382 51339 48089 34827 78517 90312 24335 51432 89009 2934 76238 76001 95852 19755 84992 57376 87161 19408 3613 15544 54388 64665 77506 17020 62084 13491 26877 53808 45049 77354 77596 27939 70172 18523 30020 27627 75793 61106 54446 80865 42003 14527 66558 91923 61357 70614 19425 63056 30507 52479 38765 42686 57746 29231 41059 44239 23687 35730 31149 29429 66829 93158 12033 61885 38980 37277 87002 76978 20429 92689 83732 14585 12508 68745 57294 60879 23814 36144 19991 22659 5386 64881 81818 12421 72936
887 148
13786 10021 47195 8427 40292 19305 40356 59356 91897 14666 37036 60146 7991 58704 12205 18818 85790 9555 90552 805 20292 63925 73961 2643 54662 67208 66694 25024 66087 78539 72766 80242 38177 64364 13074 95082 86431 90759 41300 24162 3987 92129 89023 47940 26515 41528 38547 5726 75555 9418 4124 84242 4917 62340 75321 13963 50775 69332 24051 28365 44941 89996 76882 55984 7546 18058 61401 29592 32462 70816 19328 72089 15301 85888 21783 86310 6170 37197 65740 91976 81510 68787 8564 94637 63696 96268 85617 7970 67530 48129 85852 86943 444 42130 32028 96696 85631 28286 9310 13120 68078 15053 63565 25425 51275 97445 72388 3431 95805 27420 20487 55930 26822 26401 79773 62378 63028 15735 49357 7835 58793 60918 55701 39401 60393 39103 96340 10905 46406 29373 44409 24256 134 40661 22443 91028 37128 8569 15101 78527 577 76522 92396 40402 71773 57953 34926 78483
999 61
25484 23072 53555 67013 18389 42483 84505 35058 38320 96345 72718 21135 54824 54295 36533 61358 32951 39881 20173 58745 15559 98459 23621 23928 44193 52203 62487 75970 86750 95321 47579 69650 32207 69347 83872 64373 27722 43776 25604 70911 18394 58005 29630 12817 81810 39186 36064 82022 14292 9949 8661 41409 32435 26279 66299 25683 50837 19433 85795 19590 66590
994 123
42621 19390 54310 8343 19296 59564 94828 73605 18457 71233 30321 88099 68351 58941 65804 93040 49836 75634 85379 75531 73561 21858 30763 14005 43721 37165 86530 9650 86470 6452 97246 70315 56335 70249 14978 72349 88227 25127 79798 46363 34115 51108 39227 62404 76487 78700 16840 80619 76440 84602 18420 74277 12002 32062 85829 54632 19757 52544 927 69272 69485 73096 37837 29676 38880 65605 44454 19032 4743 69527 5551 95785 36311 61458 12900 95807 76320 99965 73601 85473 30796 20961 619 78259 17413 22339 25539 40077 22239 5935 33077 2183 163 3679 43163 13805 70288 90150 65279 54306 25453 74139 42263 26124 65668 79548 7432 4661 38103 17619 62931 59831 98387 35987 55974 49137 70695 4423 54618 42801 80514 37998 46488
975 57
33471 7997 33418 65216 16634 35085 60616 68384 67461 24638 10601 3421 1149 71614 86174 32823 47397 47035 26256 29571 96 41118 51273 6560 73923 13627 44890 83891 12176 77127 39946 16516 57992 87750 78436 37439 42638 64233 68881 60666 29019 87795 79311 53183 48652 8787 41314 29590 94173 26328 52723 43281 51400 15129 15456 62118 54639
573 63
33501 53158 72699 98424 25218 13366 35022 37813 56629 39338 64654 92018 68227 18604 66812 57694 76974 31586 91284 47816 79926 9867 44359 25381 61291 64775 54060 8043 78035 260 86124 25908 28458 3850 3736 36684 71723 44368 40908 55011 46210 15343 53740 85806 62421 85698 48504 44458 2321 28243 36821 79304 92497 29048 87090 87131 23447 31312 62464 50772 67446 72869 20684
998 13
1806 89833 10865 31065 65520 81871 93048 63128 63093 56373 86004 17287 96153
916 40
31754 53941 62833 93826 56357 91111 10214 40633 22649 68822 58925 39065 11501 86272 58253 5525 42326 89605 35735 46806 98218 15658 26043 16745 49310 56791 45264 25063 66742 77848 97972 4694 5788 30022 63226 213 13988 81287 39075 53107
989 66
50808 39157 62298 68655 6378 84894 17202 72411 19394 2077 82070 69201 70826 46386 1194 32571 60184 33054 80085 1743 54557 69903 70837 14167 64383 85467 36888 65512 96185 31003 63900 23436 8769 37355 42513 70581 33706 80429 6216 68050 70576 43101 33829 14415 71644 78058 2227 55321 22192 89230 37247 55571 44099 86807 51129 32199 21715 78049 23224 4980 3284 6858 75778 29858 74873 51243
251 27
2938 37376 41598 23460 52965 55044 52782 57243 79361 51955 51614 79127 10209 65343 7812 8936 82046 17499 28428 74475 8838 5023 5878 58172 87226 59666 88204
950 4
12964 68348 98319 73176
278 32
45258 39290 42949 11858 90358 12331 83635 27908 37979 48655 88276 74880 94202 28802 19858 33382 11697 46972 82762 11619 43132 30594 91264 36671 88379 48776 14541 190 13948 19802 85937 19026
947 27
11564 1913 55387 5331 28423 49718 49411 80836 35542 3174 74577 73754 81284 62587 15019 24972 81270 34904 82256 8117 1361 59511 91011 34602 34394 73509 13839
328 12
33740 81785 49207 19527 367 53214 19780 96227 43999 33938 25160 34807
990 26
9761 56263 36694 41234 36378 6542 27513 76662 41575 57648 22059 22501 58767 96563 99687 51943 24339 99919 63524 42631 73943 78000 32250 24232 51396 55517
936 1
73598
450 23
98694 96331 78089 34850 33222 26416 34350 25354 62328 16126 41428 54622 41943 38383 1731 361 33142 17196 5722 57628 29185 69742 99360
992 6
2798 10800 95760 14530 53178 94459
231 7
32599 49217 32684 23534 51340 2623 63041
973 2
57058 65897
792 12
71625 97694 84269 97770 11577 72203 54177 46530 65406 89982 79908 27089
762 19
71309 8710 55343 48424 67087 51709 77147 7198 44445 74542 5687 12704 82838 9091 65447 22616 34911 86598 10739
463 10
69374 3496 9592 51567 16211 84698 4723 72088 55917 77430
856 16
93699 18910 28726 24378 44849 28413 20892 62884 9664 11792 45789 57723 76147 35138 48369 10159
847 4
93766 20153 91966 97064
386 14
65711 31085 23902 89204 46755 43600 41109 36458 18421 17512 6016 67088 33385 85219
976 7
8768 8230 33952 75353 4002 1456 64029
44 2
67337 19798
